<?xml version="1.0" encoding="UTF-8"?>
<!-- Generated by org.testng.reporters.JUnitXMLReporter -->
<testsuite ignored="0" hostname="LAPTOP-M13O2IOQ" failures="0" tests="3" name="Default test" time="13.054" errors="0" timestamp="2023-03-19T11:15:11 IST">
  <testcase classname="demo_tng.Assertions" name="ass" time="0.012"/>
  <testcase classname="demo_tng.Assertions" name="asserts" time="12.986"/>
  <testcase classname="demo_tng.Assertions" name="nullu" time="0.004"/>
</testsuite> <!-- Default test -->
