<?xml version="1.0" encoding="UTF-8"?>
<!-- Generated by org.testng.reporters.JUnitXMLReporter -->
<testsuite ignored="1" hostname="LAPTOP-M13O2IOQ" failures="0" tests="4" name="Test" time="0.076" errors="0" timestamp="2023-03-19T10:30:05 IST">
  <testcase classname="demo_tng.grouping" name="Addtocart" time="0.008"/>
  <testcase classname="demo_tng.grouping" name="Login" time="0.003"/>
  <testcase classname="demo_tng.grouping" name="Payment" time="0.002"/>
  <testcase classname="demo_tng.grouping" name="browser" time="0.001"/>
  <testcase classname="demo_tng.grouping" name="search" time="0.0">
    <ignored/>
  </testcase> <!-- search -->
</testsuite> <!-- Test -->
