<?xml version="1.0" encoding="UTF-8"?>
<testng-results ignored="0" total="3" passed="3" failed="0" skipped="0">
  <reporter-output>
  </reporter-output>
  <suite started-at="2023-03-19T11:14:58 IST" name="Default suite" finished-at="2023-03-19T11:15:11 IST" duration-ms="13054">
    <groups>
    </groups>
    <test started-at="2023-03-19T11:14:58 IST" name="Default test" finished-at="2023-03-19T11:15:11 IST" duration-ms="13054">
      <class name="demo_tng.Assertions">
        <test-method signature="ass()[pri:0, instance:demo_tng.Assertions@35aea049]" started-at="2023-03-19T11:14:58 IST" name="ass" finished-at="2023-03-19T11:14:58 IST" duration-ms="12" status="PASS">
          <reporter-output>
          </reporter-output>
        </test-method> <!-- ass -->
        <test-method signature="asserts()[pri:0, instance:demo_tng.Assertions@35aea049]" started-at="2023-03-19T11:14:58 IST" name="asserts" finished-at="2023-03-19T11:15:11 IST" duration-ms="12986" status="PASS">
          <reporter-output>
          </reporter-output>
        </test-method> <!-- asserts -->
        <test-method signature="nullu()[pri:0, instance:demo_tng.Assertions@35aea049]" started-at="2023-03-19T11:15:11 IST" name="nullu" finished-at="2023-03-19T11:15:11 IST" duration-ms="4" status="PASS">
          <reporter-output>
          </reporter-output>
        </test-method> <!-- nullu -->
      </class> <!-- demo_tng.Assertions -->
    </test> <!-- Default test -->
  </suite> <!-- Default suite -->
</testng-results>
